<?xml version="1.0" encoding="UTF-8"?>
<!-- Generated by org.testng.reporters.JUnitReportReporter -->
<testsuite skipped="0" hostname="DESKTOP-J8ILNTE" name="com.org.testapi.TestApiGetUsingQueryParams" tests="6" failures="0" timestamp="2021-04-22T23:06:25 CEST" time="3.722" errors="0">
  <testcase name="readjasonBin" time="0.414" classname="com.org.testapi.TestApiGetUsingQueryParams"/>
  <system-out/>
  <testcase name="AupdatejasonBin" time="0.676" classname="com.org.testapi.TestApiGetUsingQueryParams"/>
  <system-out/>
  <testcase name="changeprivacyBin" time="0.661" classname="com.org.testapi.TestApiGetUsingQueryParams"/>
  <system-out/>
  <testcase name="versionscountBin" time="0.677" classname="com.org.testapi.TestApiGetUsingQueryParams"/>
  <system-out/>
  <testcase name="deletejasonBin" time="0.672" classname="com.org.testapi.TestApiGetUsingQueryParams"/>
  <system-out/>
  <testcase name="delversionsBin" time="0.622" classname="com.org.testapi.TestApiGetUsingQueryParams"/>
  <system-out/>
</testsuite> <!-- com.org.testapi.TestApiGetUsingQueryParams -->
